Using pre-set license
Built from '2020.3/staging' branch; Version is '2020.3.9f1 (108be757e447) revision 1084391'; Using compiler version '192528614'; Build Type 'Release'
OS: 'Windows 10 Home; OS build 19043.1586; Version 2009; 64bit' Language: 'en' Physical Memory: 8108 MB
BatchMode: 1, IsHumanControllingUs: 0, StartBugReporterOnCrash: 0, Is64bit: 1, IsPro: 0

 COMMAND LINE ARGUMENTS:
C:\Program Files\Unity\Hub\Editor\2020.3.9f1\Editor\Unity.exe
-adb2
-batchMode
-noUpm
-name
AssetImportWorker0
-projectPath
C:/Users/CY/Desktop/fileTransferPython
-logFile
Logs/AssetImportWorker0.log
-srvPort
60545
Successfully changed project path to: C:/Users/CY/Desktop/fileTransferPython
C:/Users/CY/Desktop/fileTransferPython
Using Asset Import Pipeline V2.
Refreshing native plugins compatible for Editor in 29.27 ms, found 0 plugins.
Preloading 0 native plugins for Editor in 0.00 ms.
Initialize engine version: 2020.3.9f1 (108be757e447)
[Subsystems] Discovering subsystems at path C:/Program Files/Unity/Hub/Editor/2020.3.9f1/Editor/Data/Resources/UnitySubsystems
[Subsystems] Discovering subsystems at path C:/Users/CY/Desktop/fileTransferPython/Assets
GfxDevice: creating device client; threaded=0
Direct3D:
    Version:  Direct3D 11.0 [level 11.1]
    Renderer: Intel(R) UHD Graphics 620 (ID=0x5917)
    Vendor:   
    VRAM:     4054 MB
    Driver:   27.20.100.8681
Initialize mono
Mono path[0] = 'C:/Program Files/Unity/Hub/Editor/2020.3.9f1/Editor/Data/Managed'
Mono path[1] = 'C:/Program Files/Unity/Hub/Editor/2020.3.9f1/Editor/Data/MonoBleedingEdge/lib/mono/unityjit'
Mono config path = 'C:/Program Files/Unity/Hub/Editor/2020.3.9f1/Editor/Data/MonoBleedingEdge/etc'
Using monoOptions --debugger-agent=transport=dt_socket,embedding=1,server=y,suspend=n,address=127.0.0.1:56608
Begin MonoManager ReloadAssembly
Registering precompiled unity dll's ...
Trying to register platform support module: C:/Program Files/Unity/Hub/Editor/2020.3.9f1/Editor/Data/PlaybackEngines/MacStandaloneSupport/UnityEditor.OSXStandalone.Extensions.dll (that doesn't exist). Retrying without overrides.
Platform support module is not available: C:/Program Files/Unity/Hub/Editor/2020.3.9f1/Editor/Data/PlaybackEngines/MacStandaloneSupport/UnityEditor.OSXStandalone.Extensions.dll
Register platform support module: C:/Program Files/Unity/Hub/Editor/2020.3.9f1/Editor/Data/PlaybackEngines/WindowsStandaloneSupport/UnityEditor.WindowsStandalone.Extensions.dll
Registered in 0.007034 seconds.
Native extension for WindowsStandalone target not found
Refreshing native plugins compatible for Editor in 30.62 ms, found 0 plugins.
Preloading 0 native plugins for Editor in 0.00 ms.
Mono: successfully reloaded assembly
- Completed reload, in  3.164 seconds
Platform modules already initialized, skipping
Registering precompiled user dll's ...
Registered in 0.001613 seconds.
Begin MonoManager ReloadAssembly
Native extension for WindowsStandalone target not found
Refreshing native plugins compatible for Editor in 0.41 ms, found 0 plugins.
Preloading 0 native plugins for Editor in 0.00 ms.
[VSCode] Code executable in 'C:\Program Files (x86)\Microsoft VS Code\bin\code.cmd' not found. Check yourVisual Studio Code installation and insert the correct path in the Preferences menu.
UnityEngine.StackTraceUtility:ExtractStackTrace ()
UnityEngine.DebugLogHandler:LogFormat (UnityEngine.LogType,UnityEngine.Object,string,object[])
UnityEngine.Logger:Log (UnityEngine.LogType,object)
UnityEngine.Debug:LogError (object)
dotBunny.Unity.VSCode:PrintNotFound (string) (at Assets/VSCode/Plugins/Editor/VSCode.cs:737)
dotBunny.Unity.VSCode:AutodetectCodePath () (at Assets/VSCode/Plugins/Editor/VSCode.cs:405)
dotBunny.Unity.VSCode:get_CodePath () (at Assets/VSCode/Plugins/Editor/VSCode.cs:51)
dotBunny.Unity.VSCode:UpdateUnityPreferences (bool) (at Assets/VSCode/Plugins/Editor/VSCode.cs:1105)
dotBunny.Unity.VSCode:.cctor () (at Assets/VSCode/Plugins/Editor/VSCode.cs:288)
System.Runtime.CompilerServices.RuntimeHelpers:RunClassConstructor (System.RuntimeTypeHandle)
UnityEditor.EditorAssemblies:ProcessInitializeOnLoadAttributes (System.Type[])

(Filename: Assets/VSCode/Plugins/Editor/VSCode.cs Line: 737)

[VSCode] Code executable in 'C:\Program Files (x86)\Microsoft VS Code\bin\code.cmd' not found. Check yourVisual Studio Code installation and insert the correct path in the Preferences menu.
UnityEngine.StackTraceUtility:ExtractStackTrace ()
UnityEngine.DebugLogHandler:LogFormat (UnityEngine.LogType,UnityEngine.Object,string,object[])
UnityEngine.Logger:Log (UnityEngine.LogType,object)
UnityEngine.Debug:LogError (object)
dotBunny.Unity.VSCode:PrintNotFound (string) (at Assets/VSCode/Plugins/Editor/VSCode.cs:737)
dotBunny.Unity.VSCode:AutodetectCodePath () (at Assets/VSCode/Plugins/Editor/VSCode.cs:405)
dotBunny.Unity.VSCode:get_CodePath () (at Assets/VSCode/Plugins/Editor/VSCode.cs:51)
dotBunny.Unity.VSCode:UpdateUnityPreferences (bool) (at Assets/VSCode/Plugins/Editor/VSCode.cs:1109)
dotBunny.Unity.VSCode:.cctor () (at Assets/VSCode/Plugins/Editor/VSCode.cs:288)
System.Runtime.CompilerServices.RuntimeHelpers:RunClassConstructor (System.RuntimeTypeHandle)
UnityEditor.EditorAssemblies:ProcessInitializeOnLoadAttributes (System.Type[])

(Filename: Assets/VSCode/Plugins/Editor/VSCode.cs Line: 737)

[VSCode] Code executable in 'C:\Program Files (x86)\Microsoft VS Code\bin\code.cmd' not found. Check yourVisual Studio Code installation and insert the correct path in the Preferences menu.
UnityEngine.StackTraceUtility:ExtractStackTrace ()
UnityEngine.DebugLogHandler:LogFormat (UnityEngine.LogType,UnityEngine.Object,string,object[])
UnityEngine.Logger:Log (UnityEngine.LogType,object)
UnityEngine.Debug:LogError (object)
dotBunny.Unity.VSCode:PrintNotFound (string) (at Assets/VSCode/Plugins/Editor/VSCode.cs:737)
dotBunny.Unity.VSCode:AutodetectCodePath () (at Assets/VSCode/Plugins/Editor/VSCode.cs:405)
dotBunny.Unity.VSCode:get_CodePath () (at Assets/VSCode/Plugins/Editor/VSCode.cs:51)
dotBunny.Unity.VSCode:UpdateUnityPreferences (bool) (at Assets/VSCode/Plugins/Editor/VSCode.cs:1118)
dotBunny.Unity.VSCode:.cctor () (at Assets/VSCode/Plugins/Editor/VSCode.cs:288)
System.Runtime.CompilerServices.RuntimeHelpers:RunClassConstructor (System.RuntimeTypeHandle)
UnityEditor.EditorAssemblies:ProcessInitializeOnLoadAttributes (System.Type[])

(Filename: Assets/VSCode/Plugins/Editor/VSCode.cs Line: 737)

Mono: successfully reloaded assembly
- Completed reload, in  1.196 seconds
Platform modules already initialized, skipping
========================================================================
Worker process is ready to serve import requests
Launched and connected shader compiler UnityShaderCompiler.exe after 0.10 seconds
Refreshing native plugins compatible for Editor in 0.22 ms, found 0 plugins.
Preloading 0 native plugins for Editor in 0.00 ms.
Unloading 1127 Unused Serialized files (Serialized files now loaded: 0)
System memory in use before: 57.8 MB.
System memory in use after: 57.8 MB.

Unloading 10 unused Assets to reduce memory usage. Loaded Objects now: 1570.
Total: 2.088800 ms (FindLiveObjects: 0.158700 ms CreateObjectMapping: 0.032500 ms MarkObjects: 1.773000 ms  DeleteObjects: 0.123400 ms)

========================================================================
Received Import Request.
  path: Assets/Plugins/BVH Tools/Scripts/BVHParser.cs
  artifactKey: Guid(dd7ee5e26aa91d942b650c1ca3301050) Importer(815301076,1909f56bfc062723c751e8b465ee728b)
Start importing Assets/Plugins/BVH Tools/Scripts/BVHParser.cs using Guid(dd7ee5e26aa91d942b650c1ca3301050) Importer(815301076,1909f56bfc062723c751e8b465ee728b)  -> (artifact id: 'f39998728c32447c021f08e3bd2776e5') in 0.080146 seconds
  Import took 0.084796 seconds .

========================================================================
Received Prepare
Registering precompiled user dll's ...
Registered in 0.001589 seconds.
Begin MonoManager ReloadAssembly
Native extension for WindowsStandalone target not found
Refreshing native plugins compatible for Editor in 0.23 ms, found 0 plugins.
Preloading 0 native plugins for Editor in 0.00 ms.
[VSCode] Code executable in 'C:\Program Files (x86)\Microsoft VS Code\bin\code.cmd' not found. Check yourVisual Studio Code installation and insert the correct path in the Preferences menu.
UnityEngine.StackTraceUtility:ExtractStackTrace ()
UnityEngine.DebugLogHandler:LogFormat (UnityEngine.LogType,UnityEngine.Object,string,object[])
UnityEngine.Logger:Log (UnityEngine.LogType,object)
UnityEngine.Debug:LogError (object)
dotBunny.Unity.VSCode:PrintNotFound (string) (at Assets/VSCode/Plugins/Editor/VSCode.cs:737)
dotBunny.Unity.VSCode:AutodetectCodePath () (at Assets/VSCode/Plugins/Editor/VSCode.cs:405)
dotBunny.Unity.VSCode:get_CodePath () (at Assets/VSCode/Plugins/Editor/VSCode.cs:51)
dotBunny.Unity.VSCode:UpdateUnityPreferences (bool) (at Assets/VSCode/Plugins/Editor/VSCode.cs:1105)
dotBunny.Unity.VSCode:.cctor () (at Assets/VSCode/Plugins/Editor/VSCode.cs:288)
System.Runtime.CompilerServices.RuntimeHelpers:RunClassConstructor (System.RuntimeTypeHandle)
UnityEditor.EditorAssemblies:ProcessInitializeOnLoadAttributes (System.Type[])

(Filename: Assets/VSCode/Plugins/Editor/VSCode.cs Line: 737)

[VSCode] Code executable in 'C:\Program Files (x86)\Microsoft VS Code\bin\code.cmd' not found. Check yourVisual Studio Code installation and insert the correct path in the Preferences menu.
UnityEngine.StackTraceUtility:ExtractStackTrace ()
UnityEngine.DebugLogHandler:LogFormat (UnityEngine.LogType,UnityEngine.Object,string,object[])
UnityEngine.Logger:Log (UnityEngine.LogType,object)
UnityEngine.Debug:LogError (object)
dotBunny.Unity.VSCode:PrintNotFound (string) (at Assets/VSCode/Plugins/Editor/VSCode.cs:737)
dotBunny.Unity.VSCode:AutodetectCodePath () (at Assets/VSCode/Plugins/Editor/VSCode.cs:405)
dotBunny.Unity.VSCode:get_CodePath () (at Assets/VSCode/Plugins/Editor/VSCode.cs:51)
dotBunny.Unity.VSCode:UpdateUnityPreferences (bool) (at Assets/VSCode/Plugins/Editor/VSCode.cs:1109)
dotBunny.Unity.VSCode:.cctor () (at Assets/VSCode/Plugins/Editor/VSCode.cs:288)
System.Runtime.CompilerServices.RuntimeHelpers:RunClassConstructor (System.RuntimeTypeHandle)
UnityEditor.EditorAssemblies:ProcessInitializeOnLoadAttributes (System.Type[])

(Filename: Assets/VSCode/Plugins/Editor/VSCode.cs Line: 737)

[VSCode] Code executable in 'C:\Program Files (x86)\Microsoft VS Code\bin\code.cmd' not found. Check yourVisual Studio Code installation and insert the correct path in the Preferences menu.
UnityEngine.StackTraceUtility:ExtractStackTrace ()
UnityEngine.DebugLogHandler:LogFormat (UnityEngine.LogType,UnityEngine.Object,string,object[])
UnityEngine.Logger:Log (UnityEngine.LogType,object)
UnityEngine.Debug:LogError (object)
dotBunny.Unity.VSCode:PrintNotFound (string) (at Assets/VSCode/Plugins/Editor/VSCode.cs:737)
dotBunny.Unity.VSCode:AutodetectCodePath () (at Assets/VSCode/Plugins/Editor/VSCode.cs:405)
dotBunny.Unity.VSCode:get_CodePath () (at Assets/VSCode/Plugins/Editor/VSCode.cs:51)
dotBunny.Unity.VSCode:UpdateUnityPreferences (bool) (at Assets/VSCode/Plugins/Editor/VSCode.cs:1118)
dotBunny.Unity.VSCode:.cctor () (at Assets/VSCode/Plugins/Editor/VSCode.cs:288)
System.Runtime.CompilerServices.RuntimeHelpers:RunClassConstructor (System.RuntimeTypeHandle)
UnityEditor.EditorAssemblies:ProcessInitializeOnLoadAttributes (System.Type[])

(Filename: Assets/VSCode/Plugins/Editor/VSCode.cs Line: 737)

Mono: successfully reloaded assembly
- Completed reload, in  1.364 seconds
Platform modules already initialized, skipping
Refreshing native plugins compatible for Editor in 0.22 ms, found 0 plugins.
Preloading 0 native plugins for Editor in 0.00 ms.
Unloading 1122 Unused Serialized files (Serialized files now loaded: 0)
System memory in use before: 57.7 MB.
System memory in use after: 57.8 MB.

Unloading 5 unused Assets to reduce memory usage. Loaded Objects now: 1573.
Total: 2.115800 ms (FindLiveObjects: 0.158600 ms CreateObjectMapping: 0.032400 ms MarkObjects: 1.838300 ms  DeleteObjects: 0.085300 ms)

========================================================================
Received Import Request.
  Time since last request: 33.902820 seconds.
  path: Assets/Plugins/BVH Tools/Scripts/BVHParser.cs
  artifactKey: Guid(dd7ee5e26aa91d942b650c1ca3301050) Importer(815301076,1909f56bfc062723c751e8b465ee728b)
Start importing Assets/Plugins/BVH Tools/Scripts/BVHParser.cs using Guid(dd7ee5e26aa91d942b650c1ca3301050) Importer(815301076,1909f56bfc062723c751e8b465ee728b)  -> (artifact id: '8c3bced3083af4d4130cb0a6d9d9730c') in 0.009129 seconds
  Import took 0.023355 seconds .

========================================================================
Received Prepare
Registering precompiled user dll's ...
Registered in 0.002030 seconds.
Begin MonoManager ReloadAssembly
Native extension for WindowsStandalone target not found
Refreshing native plugins compatible for Editor in 0.38 ms, found 0 plugins.
Preloading 0 native plugins for Editor in 0.00 ms.
[VSCode] Code executable in 'C:\Program Files (x86)\Microsoft VS Code\bin\code.cmd' not found. Check yourVisual Studio Code installation and insert the correct path in the Preferences menu.
UnityEngine.StackTraceUtility:ExtractStackTrace ()
UnityEngine.DebugLogHandler:LogFormat (UnityEngine.LogType,UnityEngine.Object,string,object[])
UnityEngine.Logger:Log (UnityEngine.LogType,object)
UnityEngine.Debug:LogError (object)
dotBunny.Unity.VSCode:PrintNotFound (string) (at Assets/VSCode/Plugins/Editor/VSCode.cs:737)
dotBunny.Unity.VSCode:AutodetectCodePath () (at Assets/VSCode/Plugins/Editor/VSCode.cs:405)
dotBunny.Unity.VSCode:get_CodePath () (at Assets/VSCode/Plugins/Editor/VSCode.cs:51)
dotBunny.Unity.VSCode:UpdateUnityPreferences (bool) (at Assets/VSCode/Plugins/Editor/VSCode.cs:1105)
dotBunny.Unity.VSCode:.cctor () (at Assets/VSCode/Plugins/Editor/VSCode.cs:288)
System.Runtime.CompilerServices.RuntimeHelpers:RunClassConstructor (System.RuntimeTypeHandle)
UnityEditor.EditorAssemblies:ProcessInitializeOnLoadAttributes (System.Type[])

(Filename: Assets/VSCode/Plugins/Editor/VSCode.cs Line: 737)

[VSCode] Code executable in 'C:\Program Files (x86)\Microsoft VS Code\bin\code.cmd' not found. Check yourVisual Studio Code installation and insert the correct path in the Preferences menu.
UnityEngine.StackTraceUtility:ExtractStackTrace ()
UnityEngine.DebugLogHandler:LogFormat (UnityEngine.LogType,UnityEngine.Object,string,object[])
UnityEngine.Logger:Log (UnityEngine.LogType,object)
UnityEngine.Debug:LogError (object)
dotBunny.Unity.VSCode:PrintNotFound (string) (at Assets/VSCode/Plugins/Editor/VSCode.cs:737)
dotBunny.Unity.VSCode:AutodetectCodePath () (at Assets/VSCode/Plugins/Editor/VSCode.cs:405)
dotBunny.Unity.VSCode:get_CodePath () (at Assets/VSCode/Plugins/Editor/VSCode.cs:51)
dotBunny.Unity.VSCode:UpdateUnityPreferences (bool) (at Assets/VSCode/Plugins/Editor/VSCode.cs:1109)
dotBunny.Unity.VSCode:.cctor () (at Assets/VSCode/Plugins/Editor/VSCode.cs:288)
System.Runtime.CompilerServices.RuntimeHelpers:RunClassConstructor (System.RuntimeTypeHandle)
UnityEditor.EditorAssemblies:ProcessInitializeOnLoadAttributes (System.Type[])

(Filename: Assets/VSCode/Plugins/Editor/VSCode.cs Line: 737)

[VSCode] Code executable in 'C:\Program Files (x86)\Microsoft VS Code\bin\code.cmd' not found. Check yourVisual Studio Code installation and insert the correct path in the Preferences menu.
UnityEngine.StackTraceUtility:ExtractStackTrace ()
UnityEngine.DebugLogHandler:LogFormat (UnityEngine.LogType,UnityEngine.Object,string,object[])
UnityEngine.Logger:Log (UnityEngine.LogType,object)
UnityEngine.Debug:LogError (object)
dotBunny.Unity.VSCode:PrintNotFound (string) (at Assets/VSCode/Plugins/Editor/VSCode.cs:737)
dotBunny.Unity.VSCode:AutodetectCodePath () (at Assets/VSCode/Plugins/Editor/VSCode.cs:405)
dotBunny.Unity.VSCode:get_CodePath () (at Assets/VSCode/Plugins/Editor/VSCode.cs:51)
dotBunny.Unity.VSCode:UpdateUnityPreferences (bool) (at Assets/VSCode/Plugins/Editor/VSCode.cs:1118)
dotBunny.Unity.VSCode:.cctor () (at Assets/VSCode/Plugins/Editor/VSCode.cs:288)
System.Runtime.CompilerServices.RuntimeHelpers:RunClassConstructor (System.RuntimeTypeHandle)
UnityEditor.EditorAssemblies:ProcessInitializeOnLoadAttributes (System.Type[])

(Filename: Assets/VSCode/Plugins/Editor/VSCode.cs Line: 737)

Mono: successfully reloaded assembly
- Completed reload, in  1.251 seconds
Platform modules already initialized, skipping
Refreshing native plugins compatible for Editor in 0.37 ms, found 0 plugins.
Preloading 0 native plugins for Editor in 0.00 ms.
Unloading 1122 Unused Serialized files (Serialized files now loaded: 0)
System memory in use before: 57.7 MB.
System memory in use after: 57.8 MB.

Unloading 5 unused Assets to reduce memory usage. Loaded Objects now: 1576.
Total: 2.007300 ms (FindLiveObjects: 0.154800 ms CreateObjectMapping: 0.031900 ms MarkObjects: 1.737600 ms  DeleteObjects: 0.081900 ms)

========================================================================
Received Prepare
Registering precompiled user dll's ...
Registered in 0.002242 seconds.
Begin MonoManager ReloadAssembly
Native extension for WindowsStandalone target not found
Refreshing native plugins compatible for Editor in 0.23 ms, found 0 plugins.
Preloading 0 native plugins for Editor in 0.00 ms.
[VSCode] Code executable in 'C:\Program Files (x86)\Microsoft VS Code\bin\code.cmd' not found. Check yourVisual Studio Code installation and insert the correct path in the Preferences menu.
UnityEngine.StackTraceUtility:ExtractStackTrace ()
UnityEngine.DebugLogHandler:LogFormat (UnityEngine.LogType,UnityEngine.Object,string,object[])
UnityEngine.Logger:Log (UnityEngine.LogType,object)
UnityEngine.Debug:LogError (object)
dotBunny.Unity.VSCode:PrintNotFound (string) (at Assets/VSCode/Plugins/Editor/VSCode.cs:737)
dotBunny.Unity.VSCode:AutodetectCodePath () (at Assets/VSCode/Plugins/Editor/VSCode.cs:405)
dotBunny.Unity.VSCode:get_CodePath () (at Assets/VSCode/Plugins/Editor/VSCode.cs:51)
dotBunny.Unity.VSCode:UpdateUnityPreferences (bool) (at Assets/VSCode/Plugins/Editor/VSCode.cs:1105)
dotBunny.Unity.VSCode:.cctor () (at Assets/VSCode/Plugins/Editor/VSCode.cs:288)
System.Runtime.CompilerServices.RuntimeHelpers:RunClassConstructor (System.RuntimeTypeHandle)
UnityEditor.EditorAssemblies:ProcessInitializeOnLoadAttributes (System.Type[])

(Filename: Assets/VSCode/Plugins/Editor/VSCode.cs Line: 737)

[VSCode] Code executable in 'C:\Program Files (x86)\Microsoft VS Code\bin\code.cmd' not found. Check yourVisual Studio Code installation and insert the correct path in the Preferences menu.
UnityEngine.StackTraceUtility:ExtractStackTrace ()
UnityEngine.DebugLogHandler:LogFormat (UnityEngine.LogType,UnityEngine.Object,string,object[])
UnityEngine.Logger:Log (UnityEngine.LogType,object)
UnityEngine.Debug:LogError (object)
dotBunny.Unity.VSCode:PrintNotFound (string) (at Assets/VSCode/Plugins/Editor/VSCode.cs:737)
dotBunny.Unity.VSCode:AutodetectCodePath () (at Assets/VSCode/Plugins/Editor/VSCode.cs:405)
dotBunny.Unity.VSCode:get_CodePath () (at Assets/VSCode/Plugins/Editor/VSCode.cs:51)
dotBunny.Unity.VSCode:UpdateUnityPreferences (bool) (at Assets/VSCode/Plugins/Editor/VSCode.cs:1109)
dotBunny.Unity.VSCode:.cctor () (at Assets/VSCode/Plugins/Editor/VSCode.cs:288)
System.Runtime.CompilerServices.RuntimeHelpers:RunClassConstructor (System.RuntimeTypeHandle)
UnityEditor.EditorAssemblies:ProcessInitializeOnLoadAttributes (System.Type[])

(Filename: Assets/VSCode/Plugins/Editor/VSCode.cs Line: 737)

[VSCode] Code executable in 'C:\Program Files (x86)\Microsoft VS Code\bin\code.cmd' not found. Check yourVisual Studio Code installation and insert the correct path in the Preferences menu.
UnityEngine.StackTraceUtility:ExtractStackTrace ()
UnityEngine.DebugLogHandler:LogFormat (UnityEngine.LogType,UnityEngine.Object,string,object[])
UnityEngine.Logger:Log (UnityEngine.LogType,object)
UnityEngine.Debug:LogError (object)
dotBunny.Unity.VSCode:PrintNotFound (string) (at Assets/VSCode/Plugins/Editor/VSCode.cs:737)
dotBunny.Unity.VSCode:AutodetectCodePath () (at Assets/VSCode/Plugins/Editor/VSCode.cs:405)
dotBunny.Unity.VSCode:get_CodePath () (at Assets/VSCode/Plugins/Editor/VSCode.cs:51)
dotBunny.Unity.VSCode:UpdateUnityPreferences (bool) (at Assets/VSCode/Plugins/Editor/VSCode.cs:1118)
dotBunny.Unity.VSCode:.cctor () (at Assets/VSCode/Plugins/Editor/VSCode.cs:288)
System.Runtime.CompilerServices.RuntimeHelpers:RunClassConstructor (System.RuntimeTypeHandle)
UnityEditor.EditorAssemblies:ProcessInitializeOnLoadAttributes (System.Type[])

(Filename: Assets/VSCode/Plugins/Editor/VSCode.cs Line: 737)

Mono: successfully reloaded assembly
- Completed reload, in  1.121 seconds
Platform modules already initialized, skipping
Refreshing native plugins compatible for Editor in 0.27 ms, found 0 plugins.
Preloading 0 native plugins for Editor in 0.00 ms.
Unloading 1116 Unused Serialized files (Serialized files now loaded: 0)
System memory in use before: 57.6 MB.
System memory in use after: 57.7 MB.

Unloading 11 unused Assets to reduce memory usage. Loaded Objects now: 1573.
Total: 2.102200 ms (FindLiveObjects: 0.151000 ms CreateObjectMapping: 0.031300 ms MarkObjects: 1.863000 ms  DeleteObjects: 0.055800 ms)

========================================================================
Received Prepare
Registering precompiled user dll's ...
Registered in 0.001607 seconds.
Begin MonoManager ReloadAssembly
Native extension for WindowsStandalone target not found
Refreshing native plugins compatible for Editor in 0.23 ms, found 0 plugins.
Preloading 0 native plugins for Editor in 0.00 ms.
[VSCode] Code executable in 'C:\Program Files (x86)\Microsoft VS Code\bin\code.cmd' not found. Check yourVisual Studio Code installation and insert the correct path in the Preferences menu.
UnityEngine.StackTraceUtility:ExtractStackTrace ()
UnityEngine.DebugLogHandler:LogFormat (UnityEngine.LogType,UnityEngine.Object,string,object[])
UnityEngine.Logger:Log (UnityEngine.LogType,object)
UnityEngine.Debug:LogError (object)
dotBunny.Unity.VSCode:PrintNotFound (string) (at Assets/VSCode/Plugins/Editor/VSCode.cs:737)
dotBunny.Unity.VSCode:AutodetectCodePath () (at Assets/VSCode/Plugins/Editor/VSCode.cs:405)
dotBunny.Unity.VSCode:get_CodePath () (at Assets/VSCode/Plugins/Editor/VSCode.cs:51)
dotBunny.Unity.VSCode:UpdateUnityPreferences (bool) (at Assets/VSCode/Plugins/Editor/VSCode.cs:1105)
dotBunny.Unity.VSCode:.cctor () (at Assets/VSCode/Plugins/Editor/VSCode.cs:288)
System.Runtime.CompilerServices.RuntimeHelpers:RunClassConstructor (System.RuntimeTypeHandle)
UnityEditor.EditorAssemblies:ProcessInitializeOnLoadAttributes (System.Type[])

(Filename: Assets/VSCode/Plugins/Editor/VSCode.cs Line: 737)

[VSCode] Code executable in 'C:\Program Files (x86)\Microsoft VS Code\bin\code.cmd' not found. Check yourVisual Studio Code installation and insert the correct path in the Preferences menu.
UnityEngine.StackTraceUtility:ExtractStackTrace ()
UnityEngine.DebugLogHandler:LogFormat (UnityEngine.LogType,UnityEngine.Object,string,object[])
UnityEngine.Logger:Log (UnityEngine.LogType,object)
UnityEngine.Debug:LogError (object)
dotBunny.Unity.VSCode:PrintNotFound (string) (at Assets/VSCode/Plugins/Editor/VSCode.cs:737)
dotBunny.Unity.VSCode:AutodetectCodePath () (at Assets/VSCode/Plugins/Editor/VSCode.cs:405)
dotBunny.Unity.VSCode:get_CodePath () (at Assets/VSCode/Plugins/Editor/VSCode.cs:51)
dotBunny.Unity.VSCode:UpdateUnityPreferences (bool) (at Assets/VSCode/Plugins/Editor/VSCode.cs:1109)
dotBunny.Unity.VSCode:.cctor () (at Assets/VSCode/Plugins/Editor/VSCode.cs:288)
System.Runtime.CompilerServices.RuntimeHelpers:RunClassConstructor (System.RuntimeTypeHandle)
UnityEditor.EditorAssemblies:ProcessInitializeOnLoadAttributes (System.Type[])

(Filename: Assets/VSCode/Plugins/Editor/VSCode.cs Line: 737)

[VSCode] Code executable in 'C:\Program Files (x86)\Microsoft VS Code\bin\code.cmd' not found. Check yourVisual Studio Code installation and insert the correct path in the Preferences menu.
UnityEngine.StackTraceUtility:ExtractStackTrace ()
UnityEngine.DebugLogHandler:LogFormat (UnityEngine.LogType,UnityEngine.Object,string,object[])
UnityEngine.Logger:Log (UnityEngine.LogType,object)
UnityEngine.Debug:LogError (object)
dotBunny.Unity.VSCode:PrintNotFound (string) (at Assets/VSCode/Plugins/Editor/VSCode.cs:737)
dotBunny.Unity.VSCode:AutodetectCodePath () (at Assets/VSCode/Plugins/Editor/VSCode.cs:405)
dotBunny.Unity.VSCode:get_CodePath () (at Assets/VSCode/Plugins/Editor/VSCode.cs:51)
dotBunny.Unity.VSCode:UpdateUnityPreferences (bool) (at Assets/VSCode/Plugins/Editor/VSCode.cs:1118)
dotBunny.Unity.VSCode:.cctor () (at Assets/VSCode/Plugins/Editor/VSCode.cs:288)
System.Runtime.CompilerServices.RuntimeHelpers:RunClassConstructor (System.RuntimeTypeHandle)
UnityEditor.EditorAssemblies:ProcessInitializeOnLoadAttributes (System.Type[])

(Filename: Assets/VSCode/Plugins/Editor/VSCode.cs Line: 737)

Mono: successfully reloaded assembly
- Completed reload, in  1.234 seconds
Platform modules already initialized, skipping
Refreshing native plugins compatible for Editor in 0.22 ms, found 0 plugins.
Preloading 0 native plugins for Editor in 0.00 ms.
Unloading 1116 Unused Serialized files (Serialized files now loaded: 0)
System memory in use before: 57.6 MB.
System memory in use after: 57.7 MB.

Unloading 5 unused Assets to reduce memory usage. Loaded Objects now: 1576.
Total: 1.997500 ms (FindLiveObjects: 0.130300 ms CreateObjectMapping: 0.031200 ms MarkObjects: 1.744300 ms  DeleteObjects: 0.090600 ms)

========================================================================
Received Prepare
Registering precompiled user dll's ...
Registered in 0.002579 seconds.
Begin MonoManager ReloadAssembly
Native extension for WindowsStandalone target not found
Refreshing native plugins compatible for Editor in 0.32 ms, found 0 plugins.
Preloading 0 native plugins for Editor in 0.00 ms.
[VSCode] Code executable in 'C:\Program Files (x86)\Microsoft VS Code\bin\code.cmd' not found. Check yourVisual Studio Code installation and insert the correct path in the Preferences menu.
UnityEngine.StackTraceUtility:ExtractStackTrace ()
UnityEngine.DebugLogHandler:LogFormat (UnityEngine.LogType,UnityEngine.Object,string,object[])
UnityEngine.Logger:Log (UnityEngine.LogType,object)
UnityEngine.Debug:LogError (object)
dotBunny.Unity.VSCode:PrintNotFound (string) (at Assets/VSCode/Plugins/Editor/VSCode.cs:737)
dotBunny.Unity.VSCode:AutodetectCodePath () (at Assets/VSCode/Plugins/Editor/VSCode.cs:405)
dotBunny.Unity.VSCode:get_CodePath () (at Assets/VSCode/Plugins/Editor/VSCode.cs:51)
dotBunny.Unity.VSCode:UpdateUnityPreferences (bool) (at Assets/VSCode/Plugins/Editor/VSCode.cs:1105)
dotBunny.Unity.VSCode:.cctor () (at Assets/VSCode/Plugins/Editor/VSCode.cs:288)
System.Runtime.CompilerServices.RuntimeHelpers:RunClassConstructor (System.RuntimeTypeHandle)
UnityEditor.EditorAssemblies:ProcessInitializeOnLoadAttributes (System.Type[])

(Filename: Assets/VSCode/Plugins/Editor/VSCode.cs Line: 737)

[VSCode] Code executable in 'C:\Program Files (x86)\Microsoft VS Code\bin\code.cmd' not found. Check yourVisual Studio Code installation and insert the correct path in the Preferences menu.
UnityEngine.StackTraceUtility:ExtractStackTrace ()
UnityEngine.DebugLogHandler:LogFormat (UnityEngine.LogType,UnityEngine.Object,string,object[])
UnityEngine.Logger:Log (UnityEngine.LogType,object)
UnityEngine.Debug:LogError (object)
dotBunny.Unity.VSCode:PrintNotFound (string) (at Assets/VSCode/Plugins/Editor/VSCode.cs:737)
dotBunny.Unity.VSCode:AutodetectCodePath () (at Assets/VSCode/Plugins/Editor/VSCode.cs:405)
dotBunny.Unity.VSCode:get_CodePath () (at Assets/VSCode/Plugins/Editor/VSCode.cs:51)
dotBunny.Unity.VSCode:UpdateUnityPreferences (bool) (at Assets/VSCode/Plugins/Editor/VSCode.cs:1109)
dotBunny.Unity.VSCode:.cctor () (at Assets/VSCode/Plugins/Editor/VSCode.cs:288)
System.Runtime.CompilerServices.RuntimeHelpers:RunClassConstructor (System.RuntimeTypeHandle)
UnityEditor.EditorAssemblies:ProcessInitializeOnLoadAttributes (System.Type[])

(Filename: Assets/VSCode/Plugins/Editor/VSCode.cs Line: 737)

[VSCode] Code executable in 'C:\Program Files (x86)\Microsoft VS Code\bin\code.cmd' not found. Check yourVisual Studio Code installation and insert the correct path in the Preferences menu.
UnityEngine.StackTraceUtility:ExtractStackTrace ()
UnityEngine.DebugLogHandler:LogFormat (UnityEngine.LogType,UnityEngine.Object,string,object[])
UnityEngine.Logger:Log (UnityEngine.LogType,object)
UnityEngine.Debug:LogError (object)
dotBunny.Unity.VSCode:PrintNotFound (string) (at Assets/VSCode/Plugins/Editor/VSCode.cs:737)
dotBunny.Unity.VSCode:AutodetectCodePath () (at Assets/VSCode/Plugins/Editor/VSCode.cs:405)
dotBunny.Unity.VSCode:get_CodePath () (at Assets/VSCode/Plugins/Editor/VSCode.cs:51)
dotBunny.Unity.VSCode:UpdateUnityPreferences (bool) (at Assets/VSCode/Plugins/Editor/VSCode.cs:1118)
dotBunny.Unity.VSCode:.cctor () (at Assets/VSCode/Plugins/Editor/VSCode.cs:288)
System.Runtime.CompilerServices.RuntimeHelpers:RunClassConstructor (System.RuntimeTypeHandle)
UnityEditor.EditorAssemblies:ProcessInitializeOnLoadAttributes (System.Type[])

(Filename: Assets/VSCode/Plugins/Editor/VSCode.cs Line: 737)

Mono: successfully reloaded assembly
- Completed reload, in  1.160 seconds
Platform modules already initialized, skipping
Refreshing native plugins compatible for Editor in 0.22 ms, found 0 plugins.
Preloading 0 native plugins for Editor in 0.00 ms.
Unloading 1116 Unused Serialized files (Serialized files now loaded: 0)
System memory in use before: 57.6 MB.
System memory in use after: 57.7 MB.

Unloading 5 unused Assets to reduce memory usage. Loaded Objects now: 1579.
Total: 2.285100 ms (FindLiveObjects: 0.158800 ms CreateObjectMapping: 0.032300 ms MarkObjects: 1.995400 ms  DeleteObjects: 0.097700 ms)

========================================================================
Received Prepare
Registering precompiled user dll's ...
Registered in 0.001692 seconds.
Begin MonoManager ReloadAssembly
Native extension for WindowsStandalone target not found
Refreshing native plugins compatible for Editor in 0.23 ms, found 0 plugins.
Preloading 0 native plugins for Editor in 0.00 ms.
[VSCode] Code executable in 'C:\Program Files (x86)\Microsoft VS Code\bin\code.cmd' not found. Check yourVisual Studio Code installation and insert the correct path in the Preferences menu.
UnityEngine.StackTraceUtility:ExtractStackTrace ()
UnityEngine.DebugLogHandler:LogFormat (UnityEngine.LogType,UnityEngine.Object,string,object[])
UnityEngine.Logger:Log (UnityEngine.LogType,object)
UnityEngine.Debug:LogError (object)
dotBunny.Unity.VSCode:PrintNotFound (string) (at Assets/VSCode/Plugins/Editor/VSCode.cs:737)
dotBunny.Unity.VSCode:AutodetectCodePath () (at Assets/VSCode/Plugins/Editor/VSCode.cs:405)
dotBunny.Unity.VSCode:get_CodePath () (at Assets/VSCode/Plugins/Editor/VSCode.cs:51)
dotBunny.Unity.VSCode:UpdateUnityPreferences (bool) (at Assets/VSCode/Plugins/Editor/VSCode.cs:1105)
dotBunny.Unity.VSCode:.cctor () (at Assets/VSCode/Plugins/Editor/VSCode.cs:288)
System.Runtime.CompilerServices.RuntimeHelpers:RunClassConstructor (System.RuntimeTypeHandle)
UnityEditor.EditorAssemblies:ProcessInitializeOnLoadAttributes (System.Type[])

(Filename: Assets/VSCode/Plugins/Editor/VSCode.cs Line: 737)

[VSCode] Code executable in 'C:\Program Files (x86)\Microsoft VS Code\bin\code.cmd' not found. Check yourVisual Studio Code installation and insert the correct path in the Preferences menu.
UnityEngine.StackTraceUtility:ExtractStackTrace ()
UnityEngine.DebugLogHandler:LogFormat (UnityEngine.LogType,UnityEngine.Object,string,object[])
UnityEngine.Logger:Log (UnityEngine.LogType,object)
UnityEngine.Debug:LogError (object)
dotBunny.Unity.VSCode:PrintNotFound (string) (at Assets/VSCode/Plugins/Editor/VSCode.cs:737)
dotBunny.Unity.VSCode:AutodetectCodePath () (at Assets/VSCode/Plugins/Editor/VSCode.cs:405)
dotBunny.Unity.VSCode:get_CodePath () (at Assets/VSCode/Plugins/Editor/VSCode.cs:51)
dotBunny.Unity.VSCode:UpdateUnityPreferences (bool) (at Assets/VSCode/Plugins/Editor/VSCode.cs:1109)
dotBunny.Unity.VSCode:.cctor () (at Assets/VSCode/Plugins/Editor/VSCode.cs:288)
System.Runtime.CompilerServices.RuntimeHelpers:RunClassConstructor (System.RuntimeTypeHandle)
UnityEditor.EditorAssemblies:ProcessInitializeOnLoadAttributes (System.Type[])

(Filename: Assets/VSCode/Plugins/Editor/VSCode.cs Line: 737)

[VSCode] Code executable in 'C:\Program Files (x86)\Microsoft VS Code\bin\code.cmd' not found. Check yourVisual Studio Code installation and insert the correct path in the Preferences menu.
UnityEngine.StackTraceUtility:ExtractStackTrace ()
UnityEngine.DebugLogHandler:LogFormat (UnityEngine.LogType,UnityEngine.Object,string,object[])
UnityEngine.Logger:Log (UnityEngine.LogType,object)
UnityEngine.Debug:LogError (object)
dotBunny.Unity.VSCode:PrintNotFound (string) (at Assets/VSCode/Plugins/Editor/VSCode.cs:737)
dotBunny.Unity.VSCode:AutodetectCodePath () (at Assets/VSCode/Plugins/Editor/VSCode.cs:405)
dotBunny.Unity.VSCode:get_CodePath () (at Assets/VSCode/Plugins/Editor/VSCode.cs:51)
dotBunny.Unity.VSCode:UpdateUnityPreferences (bool) (at Assets/VSCode/Plugins/Editor/VSCode.cs:1118)
dotBunny.Unity.VSCode:.cctor () (at Assets/VSCode/Plugins/Editor/VSCode.cs:288)
System.Runtime.CompilerServices.RuntimeHelpers:RunClassConstructor (System.RuntimeTypeHandle)
UnityEditor.EditorAssemblies:ProcessInitializeOnLoadAttributes (System.Type[])

(Filename: Assets/VSCode/Plugins/Editor/VSCode.cs Line: 737)

Mono: successfully reloaded assembly
- Completed reload, in  1.252 seconds
Platform modules already initialized, skipping
Refreshing native plugins compatible for Editor in 0.22 ms, found 0 plugins.
Preloading 0 native plugins for Editor in 0.00 ms.
Unloading 1116 Unused Serialized files (Serialized files now loaded: 0)
System memory in use before: 57.6 MB.
System memory in use after: 57.7 MB.

Unloading 5 unused Assets to reduce memory usage. Loaded Objects now: 1582.
Total: 2.016200 ms (FindLiveObjects: 0.150000 ms CreateObjectMapping: 0.031300 ms MarkObjects: 1.752000 ms  DeleteObjects: 0.082000 ms)

========================================================================
Received Import Request.
  Time since last request: 1169.429032 seconds.
  path: Assets/avatar.fbx
  artifactKey: Guid(3f414a8ea1421524bb36317c6c4fd6a5) Importer(815301076,1909f56bfc062723c751e8b465ee728b)
Start importing Assets/avatar.fbx using Guid(3f414a8ea1421524bb36317c6c4fd6a5) Importer(815301076,1909f56bfc062723c751e8b465ee728b)  -> (artifact id: 'ff4daf73d9e25af60eb34457189de9c0') in 0.661251 seconds
  Import took 0.666341 seconds .

========================================================================
Received Import Request.
  Time since last request: 8.135588 seconds.
  path: Assets/bvhFile.bvh
  artifactKey: Guid(61360c30e1930c647ac1e2d094186a46) Importer(815301076,1909f56bfc062723c751e8b465ee728b)
Start importing Assets/bvhFile.bvh using Guid(61360c30e1930c647ac1e2d094186a46) Importer(815301076,1909f56bfc062723c751e8b465ee728b)  -> (artifact id: 'e278d9e8ff7de6efe171a39c100585b3') in 0.019418 seconds
  Import took 0.025446 seconds .

AssetImportWorkerClient::OnTransportError - code=2 error=End of file
